{
  "RSpec": {
    "coverage": {
      "/Users/nirankarsingh/Documents/sample/cafe/app/controllers/application_controller.rb": {
        "lines": [
          1,
          null
        ]
      },
      "/Users/nirankarsingh/Documents/sample/cafe/app/helpers/application_helper.rb": {
        "lines": [
          1,
          1,
          0,
          null,
          null,
          1,
          0,
          null,
          null
        ]
      },
      "/Users/nirankarsingh/Documents/sample/cafe/app/helpers/home_helper.rb": {
        "lines": [
          1,
          null
        ]
      },
      "/Users/nirankarsingh/Documents/sample/cafe/app/helpers/line_items_helper.rb": {
        "lines": [
          1,
          null
        ]
      },
      "/Users/nirankarsingh/Documents/sample/cafe/app/helpers/order_helper.rb": {
        "lines": [
          1,
          null
        ]
      },
      "/Users/nirankarsingh/Documents/sample/cafe/app/models/admin_user.rb": {
        "lines": [
          1,
          null,
          null,
          1,
          null,
          null
        ]
      },
      "/Users/nirankarsingh/Documents/sample/cafe/app/models/application_record.rb": {
        "lines": [
          1,
          1,
          null
        ]
      },
      "/Users/nirankarsingh/Documents/sample/cafe/app/admin/admin_users.rb": {
        "lines": [
          1,
          1,
          null,
          1,
          0,
          0,
          0,
          0,
          0,
          0,
          0,
          null,
          null,
          1,
          1,
          1,
          1,
          null,
          1,
          0,
          0,
          0,
          0,
          null,
          0,
          null,
          null,
          null
        ]
      },
      "/Users/nirankarsingh/Documents/sample/cafe/app/admin/categories.rb": {
        "lines": [
          1,
          1,
          null
        ]
      },
      "/Users/nirankarsingh/Documents/sample/cafe/app/models/category.rb": {
        "lines": [
          1,
          1,
          null,
          1,
          null
        ]
      },
      "/Users/nirankarsingh/Documents/sample/cafe/app/admin/customers.rb": {
        "lines": [
          1,
          1,
          null,
          1,
          0,
          0,
          0,
          0,
          0,
          0,
          0,
          null,
          0,
          null,
          null
        ]
      },
      "/Users/nirankarsingh/Documents/sample/cafe/app/models/customer.rb": {
        "lines": [
          1,
          null,
          null,
          1,
          null,
          1,
          1,
          1,
          1,
          null,
          15,
          null
        ]
      },
      "/Users/nirankarsingh/Documents/sample/cafe/app/admin/dashboard.rb": {
        "lines": [
          1,
          1,
          null,
          1,
          0,
          0,
          0,
          0,
          null,
          null,
          null,
          null
        ]
      },
      "/Users/nirankarsingh/Documents/sample/cafe/app/admin/discounts.rb": {
        "lines": [
          1,
          1,
          null,
          1,
          0,
          0,
          0,
          0,
          null,
          0,
          null,
          null
        ]
      },
      "/Users/nirankarsingh/Documents/sample/cafe/app/models/discount.rb": {
        "lines": [
          1,
          1,
          1,
          null,
          null,
          null,
          1,
          null,
          null,
          null,
          null,
          null,
          1,
          null,
          1,
          null,
          1,
          10,
          null,
          null
        ]
      },
      "/Users/nirankarsingh/Documents/sample/cafe/app/admin/orders.rb": {
        "lines": [
          1,
          1,
          null,
          1,
          0,
          0,
          null,
          0,
          null,
          null
        ]
      },
      "/Users/nirankarsingh/Documents/sample/cafe/app/models/order.rb": {
        "lines": [
          1,
          1,
          1,
          1,
          1,
          1,
          1,
          1,
          null,
          1,
          4,
          4,
          4,
          1,
          1,
          1,
          1,
          null,
          4,
          null,
          null,
          1,
          2,
          1,
          1,
          1,
          1,
          1,
          1,
          1,
          1,
          null,
          1,
          null,
          1,
          null,
          null,
          null
        ]
      },
      "/Users/nirankarsingh/Documents/sample/cafe/app/admin/products.rb": {
        "lines": [
          1,
          1,
          1,
          0,
          0,
          0,
          0,
          0,
          0,
          0,
          0,
          0,
          0,
          0,
          null,
          0,
          null,
          null
        ]
      },
      "/Users/nirankarsingh/Documents/sample/cafe/app/models/product.rb": {
        "lines": [
          1,
          1,
          1,
          1,
          1,
          1,
          1,
          1,
          1,
          1,
          1,
          1,
          1,
          null,
          1,
          1,
          null,
          null
        ]
      },
      "/Users/nirankarsingh/Documents/sample/cafe/app/models/line_item.rb": {
        "lines": [
          1,
          1,
          1,
          1,
          1,
          1,
          1,
          null,
          1,
          null,
          1,
          8,
          8,
          1,
          1,
          7,
          1,
          1,
          null,
          6,
          6,
          6,
          null,
          null,
          null
        ]
      },
      "/Users/nirankarsingh/Documents/sample/cafe/app/mailers/application_mailer.rb": {
        "lines": [
          0,
          0,
          0,
          0
        ],
        "branches": {
        }
      },
      "/Users/nirankarsingh/Documents/sample/cafe/app/jobs/application_job.rb": {
        "lines": [
          0,
          null,
          null,
          null,
          null,
          null,
          0
        ],
        "branches": {
        }
      },
      "/Users/nirankarsingh/Documents/sample/cafe/app/controllers/line_items_controller.rb": {
        "lines": [
          0,
          0,
          0,
          0,
          0,
          0,
          0,
          0,
          0,
          0,
          null,
          0,
          null,
          0,
          null,
          0,
          0,
          0,
          0
        ],
        "branches": {
        }
      },
      "/Users/nirankarsingh/Documents/sample/cafe/app/controllers/orders_controller.rb": {
        "lines": [
          0,
          0,
          0,
          null,
          0,
          0,
          0,
          null,
          0,
          0,
          0,
          0,
          0,
          null,
          0,
          0,
          0,
          0,
          0,
          0,
          0,
          null,
          0,
          0,
          0,
          0,
          0,
          0,
          0,
          null,
          0,
          null,
          0,
          0,
          0,
          null,
          0,
          null,
          0,
          0,
          0,
          null,
          0,
          0,
          0,
          0,
          0,
          0,
          0,
          0,
          0,
          0,
          0,
          0,
          0
        ],
        "branches": {
        }
      },
      "/Users/nirankarsingh/Documents/sample/cafe/app/controllers/home_controller.rb": {
        "lines": [
          0,
          0,
          0,
          0,
          0,
          0
        ],
        "branches": {
        }
      },
      "/Users/nirankarsingh/Documents/sample/cafe/app/channels/application_cable/connection.rb": {
        "lines": [
          0,
          0,
          0,
          0
        ],
        "branches": {
        }
      },
      "/Users/nirankarsingh/Documents/sample/cafe/app/channels/application_cable/channel.rb": {
        "lines": [
          0,
          0,
          0,
          0
        ],
        "branches": {
        }
      }
    },
    "timestamp": 1624247958
  }
}
